Build started 20/11/2015 16:57:46.
     1>Project "C:\Users\Razor\documents\visual studio 2010\Projects\directx\directx\directx.vcxproj" on node 2 (build target(s)).
     1>InitializeBuildStatus:
         Touching "Debug\directx.unsuccessfulbuild".
       ClCompile:
         C:\Program Files (x86)\Microsoft Visual Studio 10.0\VC\bin\CL.exe /c /ZI /nologo /W3 /WX- /Od /Oy- /D WIN32 /D _DEBUG /D _WINDOWS /D _UNICODE /D UNICODE /Gm /EHsc /RTC1 /MDd /GS /fp:precise /Zc:wchar_t /Zc:forScope /Fo"Debug\\" /Fd"Debug\vc100.pdb" /Gd /TP /analyze- /errorReport:prompt Main.cpp dxwindow.cpp
         dxwindow.cpp
         Generating Code...
         Compiling...
         Main.cpp
         Generating Code...
       ManifestResourceCompile:
         All outputs are up-to-date.
       Link:
         C:\Program Files (x86)\Microsoft Visual Studio 10.0\VC\bin\link.exe /ERRORREPORT:PROMPT /OUT:"C:\Users\Razor\documents\visual studio 2010\Projects\directx\Debug\directx.exe" /INCREMENTAL /NOLOGO kernel32.lib user32.lib gdi32.lib winspool.lib comdlg32.lib advapi32.lib shell32.lib ole32.lib oleaut32.lib uuid.lib odbc32.lib odbccp32.lib /MANIFEST /ManifestFile:"Debug\directx.exe.intermediate.manifest" /MANIFESTUAC:"level='asInvoker' uiAccess='false'" /DEBUG /PDB:"C:\Users\Razor\documents\visual studio 2010\Projects\directx\Debug\directx.pdb" /SUBSYSTEM:WINDOWS /TLBID:1 /DYNAMICBASE /NXCOMPAT /IMPLIB:"C:\Users\Razor\documents\visual studio 2010\Projects\directx\Debug\directx.lib" /MACHINE:X86 Debug\directx.exe.embed.manifest.res
         Debug\dxwindow.obj
         Debug\Main.obj
       Manifest:
         C:\Program Files (x86)\Microsoft SDKs\Windows\v7.0A\bin\mt.exe /nologo /verbose /out:"Debug\directx.exe.embed.manifest" /manifest Debug\directx.exe.intermediate.manifest
         All outputs are up-to-date.
       LinkEmbedManifest:
         All outputs are up-to-date.
         directx.vcxproj -> C:\Users\Razor\documents\visual studio 2010\Projects\directx\Debug\directx.exe
       FinalizeBuildStatus:
         Deleting file "Debug\directx.unsuccessfulbuild".
         Touching "Debug\directx.lastbuildstate".
     1>Done Building Project "C:\Users\Razor\documents\visual studio 2010\Projects\directx\directx\directx.vcxproj" (build target(s)).

Build succeeded.

Time Elapsed 00:00:01.11
